start Printing Layers
    0.10    0.10    0.10    0.10
end printing layers
Running County => Autauga - SSA => AL001 - Soil => Alaga loamy sand, 0 to 5 percent slopes - Management => APEX001.opc
Start running process
End runing process
Estar reading results
Error reading results
End results totaly
Start Saving REsults
End Saving REsults
start Printing Layers
    0.10    0.10    0.10    0.10    0.10
end printing layers
Running County => Autauga - SSA => AL001 - Soil => Altavista loam, 0 to 2 percent slopes - Management => APEX001.opc
Start running process
End runing process
Estar reading results
Error reading results
End results totaly
Start Saving REsults
End Saving REsults
start Printing Layers
    0.10    0.10    0.10    0.10
end printing layers
Running County => Autauga - SSA => AL001 - Soil => Altavista loam, 0 to 2 percent slopes - Management => APEX001.opc
Start running process
End runing process
Estar reading results
Error reading results
End results totaly
Start Saving REsults
End Saving REsults
start Printing Layers
    0.10    0.10    0.10    0.10    0.10
end printing layers
Running County => Autauga - SSA => AL001 - Soil => Altavista loam, 2 to 5 percent slopes - Management => APEX001.opc
Start running process
End runing process with error => Erro 404 - 
