Running County => Autauga - SSA => AL001 - Soil => Alaga loamy sand, 0 to 5 percent slopes - Management => APEX001.opc
Running County => Autauga - SSA => AL001 - Soil => Alaga loamy sand, 0 to 5 percent slopes - Management => APEX001.opc - Management => APEX002.opc
Running County => Autauga - SSA => AL001 - Soil => Alaga loamy sand, 0 to 5 percent slopes - Management => APEX001.opc - Management => APEX002.opc - Management => APEX003.opc
Running County => Autauga - SSA => AL001 - Soil => Altavista loam, 0 to 2 percent slopes - Management => APEX001.opc
Running County => Autauga - SSA => AL001 - Soil => Altavista loam, 0 to 2 percent slopes - Management => APEX001.opc - Management => APEX002.opc
Running County => Autauga - SSA => AL001 - Soil => Altavista loam, 0 to 2 percent slopes - Management => APEX001.opc - Management => APEX002.opc - Management => APEX003.opc
Running County => Autauga - SSA => AL001 - Soil => Altavista loam, 0 to 2 percent slopes - Management => APEX001.opc
Running County => Autauga - SSA => AL001 - Soil => Altavista loam, 0 to 2 percent slopes - Management => APEX001.opc - Management => APEX002.opc
Running County => Autauga - SSA => AL001 - Soil => Altavista loam, 0 to 2 percent slopes - Management => APEX001.opc - Management => APEX002.opc - Management => APEX003.opc
Running County => Autauga - SSA => AL001 - Soil => Altavista loam, 2 to 5 percent slopes - Management => APEX001.opc
Running County => Autauga - SSA => AL001 - Soil => Altavista loam, 2 to 5 percent slopes - Management => APEX001.opc - Management => APEX002.opc
Running County => Autauga - SSA => AL001 - Soil => Altavista loam, 2 to 5 percent slopes - Management => APEX001.opc - Management => APEX002.opc - Management => APEX003.opc
Running County => Autauga - SSA => AL001 - Soil => Altavista loam, 2 to 5 percent slopes - Management => APEX001.opc
Running County => Autauga - SSA => AL001 - Soil => Altavista loam, 2 to 5 percent slopes - Management => APEX001.opc - Management => APEX002.opc
Running County => Autauga - SSA => AL001 - Soil => Altavista loam, 2 to 5 percent slopes - Management => APEX001.opc - Management => APEX002.opc - Management => APEX003.opc
Running County => Autauga - SSA => AL001 - Soil => Benndale loamy fine sand - Management => APEX001.opc
Running County => Autauga - SSA => AL001 - Soil => Benndale loamy fine sand - Management => APEX001.opc - Management => APEX002.opc
Running County => Autauga - SSA => AL001 - Soil => Benndale loamy fine sand - Management => APEX001.opc - Management => APEX002.opc - Management => APEX003.opc
Running County => Autauga - SSA => AL001 - Soil => Benndale loamy fine sand - Management => APEX001.opc
Running County => Autauga - SSA => AL001 - Soil => Benndale loamy fine sand - Management => APEX001.opc - Management => APEX002.opc
Running County => Autauga - SSA => AL001 - Soil => Benndale loamy fine sand - Management => APEX001.opc - Management => APEX002.opc - Management => APEX003.opc
Running County => Autauga - SSA => AL001 - Soil => Bibb soils - Management => APEX001.opc
Running County => Autauga - SSA => AL001 - Soil => Bibb soils - Management => APEX001.opc - Management => APEX002.opc
Running County => Autauga - SSA => AL001 - Soil => Bibb soils - Management => APEX001.opc - Management => APEX002.opc - Management => APEX003.opc
Running County => Autauga - SSA => AL001 - Soil => Bibb soils - Management => APEX001.opc
Running County => Autauga - SSA => AL001 - Soil => Bibb soils - Management => APEX001.opc - Management => APEX002.opc
Running County => Autauga - SSA => AL001 - Soil => Bibb soils - Management => APEX001.opc - Management => APEX002.opc - Management => APEX003.opc
Running County => Autauga - SSA => AL001 - Soil => Blanton loamy sand - Management => APEX001.opc
Running County => Autauga - SSA => AL001 - Soil => Blanton loamy sand - Management => APEX001.opc - Management => APEX002.opc
Running County => Autauga - SSA => AL001 - Soil => Blanton loamy sand - Management => APEX001.opc - Management => APEX002.opc - Management => APEX003.opc
Running County => Autauga - SSA => AL001 - Soil => Blanton loamy sand - Management => APEX001.opc
Running County => Autauga - SSA => AL001 - Soil => Blanton loamy sand - Management => APEX001.opc - Management => APEX002.opc
Running County => Autauga - SSA => AL001 - Soil => Blanton loamy sand - Management => APEX001.opc - Management => APEX002.opc - Management => APEX003.opc
Running County => Autauga - SSA => AL001 - Soil => Faceville sandy clay loam, 2 to 5 prcent slopes - Management => APEX001.opc
Running County => Autauga - SSA => AL001 - Soil => Faceville sandy clay loam, 2 to 5 prcent slopes - Management => APEX001.opc - Management => APEX002.opc
Running County => Autauga - SSA => AL001 - Soil => Faceville sandy clay loam, 2 to 5 prcent slopes - Management => APEX001.opc - Management => APEX002.opc - Management => APEX003.opc
Running County => Autauga - SSA => AL001 - Soil => Faceville sandy clay loam, 2 to 5 prcent slopes - Management => APEX001.opc
Running County => Autauga - SSA => AL001 - Soil => Faceville sandy clay loam, 2 to 5 prcent slopes - Management => APEX001.opc - Management => APEX002.opc
Running County => Autauga - SSA => AL001 - Soil => Faceville sandy clay loam, 2 to 5 prcent slopes - Management => APEX001.opc - Management => APEX002.opc - Management => APEX003.opc
Running County => Autauga - SSA => AL001 - Soil => Flomaton-Shubuta association, hilly - Management => APEX001.opc
Running County => Autauga - SSA => AL001 - Soil => Flomaton-Shubuta association, hilly - Management => APEX001.opc - Management => APEX002.opc
Running County => Autauga - SSA => AL001 - Soil => Flomaton-Shubuta association, hilly - Management => APEX001.opc - Management => APEX002.opc - Management => APEX003.opc
Running County => Autauga - SSA => AL001 - Soil => Flomaton-Shubuta association, hilly - Management => APEX001.opc
Running County => Autauga - SSA => AL001 - Soil => Flomaton-Shubuta association, hilly - Management => APEX001.opc - Management => APEX002.opc
Running County => Autauga - SSA => AL001 - Soil => Flomaton-Shubuta association, hilly - Management => APEX001.opc - Management => APEX002.opc - Management => APEX003.opc
Running County => Autauga - SSA => AL001 - Soil => Flomaton-Shubuta association, hilly - Management => APEX001.opc
Running County => Autauga - SSA => AL001 - Soil => Flomaton-Shubuta association, hilly - Management => APEX001.opc - Management => APEX002.opc
Running County => Autauga - SSA => AL001 - Soil => Flomaton-Shubuta association, hilly - Management => APEX001.opc - Management => APEX002.opc - Management => APEX003.opc
Running County => Autauga - SSA => AL001 - Soil => Flomaton-Shubuta association, hilly - Management => APEX001.opc
Running County => Autauga - SSA => AL001 - Soil => Flomaton-Shubuta association, hilly - Management => APEX001.opc - Management => APEX002.opc
Running County => Autauga - SSA => AL001 - Soil => Flomaton-Shubuta association, hilly - Management => APEX001.opc - Management => APEX002.opc - Management => APEX003.opc
Running County => Autauga - SSA => AL001 - Soil => Grady complex - Management => APEX001.opc
Running County => Autauga - SSA => AL001 - Soil => Grady complex - Management => APEX001.opc - Management => APEX002.opc
Running County => Autauga - SSA => AL001 - Soil => Grady complex - Management => APEX001.opc - Management => APEX002.opc - Management => APEX003.opc
Running County => Autauga - SSA => AL001 - Soil => Grady complex - Management => APEX001.opc
Running County => Autauga - SSA => AL001 - Soil => Grady complex - Management => APEX001.opc - Management => APEX002.opc
Running County => Autauga - SSA => AL001 - Soil => Grady complex - Management => APEX001.opc - Management => APEX002.opc - Management => APEX003.opc
Running County => Autauga - SSA => AL001 - Soil => Harleston loamy fine sand - Management => APEX001.opc
Running County => Autauga - SSA => AL001 - Soil => Harleston loamy fine sand - Management => APEX001.opc - Management => APEX002.opc
Running County => Autauga - SSA => AL001 - Soil => Harleston loamy fine sand - Management => APEX001.opc - Management => APEX002.opc - Management => APEX003.opc
Running County => Autauga - SSA => AL001 - Soil => Harleston loamy fine sand - Management => APEX001.opc
Running County => Autauga - SSA => AL001 - Soil => Harleston loamy fine sand - Management => APEX001.opc - Management => APEX002.opc
Running County => Autauga - SSA => AL001 - Soil => Harleston loamy fine sand - Management => APEX001.opc - Management => APEX002.opc - Management => APEX003.opc
Running County => Autauga - SSA => AL001 - Soil => Jones-Lucedale-Shubuta complex, 10 to 25 percent slopes - Management => APEX001.opc
Running County => Autauga - SSA => AL001 - Soil => Jones-Lucedale-Shubuta complex, 10 to 25 percent slopes - Management => APEX001.opc - Management => APEX002.opc
Running County => Autauga - SSA => AL001 - Soil => Jones-Lucedale-Shubuta complex, 10 to 25 percent slopes - Management => APEX001.opc - Management => APEX002.opc - Management => APEX003.opc
Running County => Autauga - SSA => AL001 - Soil => Jones-Lucedale-Shubuta complex, 10 to 25 percent slopes - Management => APEX001.opc
Running County => Autauga - SSA => AL001 - Soil => Jones-Lucedale-Shubuta complex, 10 to 25 percent slopes - Management => APEX001.opc - Management => APEX002.opc
Running County => Autauga - SSA => AL001 - Soil => Jones-Lucedale-Shubuta complex, 10 to 25 percent slopes - Management => APEX001.opc - Management => APEX002.opc - Management => APEX003.opc
Running County => Autauga - SSA => AL001 - Soil => Jones-Lucedale-Shubuta complex, 10 to 25 percent slopes - Management => APEX001.opc
Running County => Autauga - SSA => AL001 - Soil => Jones-Lucedale-Shubuta complex, 10 to 25 percent slopes - Management => APEX001.opc - Management => APEX002.opc
Running County => Autauga - SSA => AL001 - Soil => Jones-Lucedale-Shubuta complex, 10 to 25 percent slopes - Management => APEX001.opc - Management => APEX002.opc - Management => APEX003.opc
Running County => Autauga - SSA => AL001 - Soil => Jones-Lucedale-Shubuta complex, 10 to 25 percent slopes - Management => APEX001.opc
Running County => Autauga - SSA => AL001 - Soil => Jones-Lucedale-Shubuta complex, 10 to 25 percent slopes - Management => APEX001.opc - Management => APEX002.opc
Running County => Autauga - SSA => AL001 - Soil => Jones-Lucedale-Shubuta complex, 10 to 25 percent slopes - Management => APEX001.opc - Management => APEX002.opc - Management => APEX003.opc
Running County => Autauga - SSA => AL001 - Soil => Jones-Lucedale-Shubuta complex, 10 to 25 percent slopes - Management => APEX001.opc
Running County => Autauga - SSA => AL001 - Soil => Jones-Lucedale-Shubuta complex, 10 to 25 percent slopes - Management => APEX001.opc - Management => APEX002.opc
Running County => Autauga - SSA => AL001 - Soil => Jones-Lucedale-Shubuta complex, 10 to 25 percent slopes - Management => APEX001.opc - Management => APEX002.opc - Management => APEX003.opc
Running County => Autauga - SSA => AL001 - Soil => Jones-Shubuta association, hilly - Management => APEX001.opc
Running County => Autauga - SSA => AL001 - Soil => Jones-Shubuta association, hilly - Management => APEX001.opc - Management => APEX002.opc
Running County => Autauga - SSA => AL001 - Soil => Jones-Shubuta association, hilly - Management => APEX001.opc - Management => APEX002.opc - Management => APEX003.opc
Running County => Autauga - SSA => AL001 - Soil => Jones-Shubuta association, hilly - Management => APEX001.opc
Running County => Autauga - SSA => AL001 - Soil => Jones-Shubuta association, hilly - Management => APEX001.opc - Management => APEX002.opc
Running County => Autauga - SSA => AL001 - Soil => Jones-Shubuta association, hilly - Management => APEX001.opc - Management => APEX002.opc - Management => APEX003.opc
Running County => Autauga - SSA => AL001 - Soil => Jones-Shubuta association, hilly - Management => APEX001.opc
Running County => Autauga - SSA => AL001 - Soil => Jones-Shubuta association, hilly - Management => APEX001.opc - Management => APEX002.opc
Running County => Autauga - SSA => AL001 - Soil => Jones-Shubuta association, hilly - Management => APEX001.opc - Management => APEX002.opc - Management => APEX003.opc
Running County => Autauga - SSA => AL001 - Soil => Jones-Shubuta association, hilly - Management => APEX001.opc
Running County => Autauga - SSA => AL001 - Soil => Jones-Shubuta association, hilly - Management => APEX001.opc - Management => APEX002.opc
Running County => Autauga - SSA => AL001 - Soil => Jones-Shubuta association, hilly - Management => APEX001.opc - Management => APEX002.opc - Management => APEX003.opc
Running County => Autauga - SSA => AL001 - Soil => Lakeland loamy sand, 0 to 5 percent slopes (bigbee) - Management => APEX001.opc
Running County => Autauga - SSA => AL001 - Soil => Lakeland loamy sand, 0 to 5 percent slopes (bigbee) - Management => APEX001.opc - Management => APEX002.opc
Running County => Autauga - SSA => AL001 - Soil => Lakeland loamy sand, 0 to 5 percent slopes (bigbee) - Management => APEX001.opc - Management => APEX002.opc - Management => APEX003.opc
Running County => Autauga - SSA => AL001 - Soil => Lakeland loamy sand, 0 to 5 percent slopes (bigbee) - Management => APEX001.opc
Running County => Autauga - SSA => AL001 - Soil => Lakeland loamy sand, 0 to 5 percent slopes (bigbee) - Management => APEX001.opc - Management => APEX002.opc
Running County => Autauga - SSA => AL001 - Soil => Lakeland loamy sand, 0 to 5 percent slopes (bigbee) - Management => APEX001.opc - Management => APEX002.opc - Management => APEX003.opc
Running County => Autauga - SSA => AL001 - Soil => Lakeland loamy sand, 0 to 5 percent slopes (bigbee) - Management => APEX001.opc
Running County => Autauga - SSA => AL001 - Soil => Lakeland loamy sand, 0 to 5 percent slopes (bigbee) - Management => APEX001.opc - Management => APEX002.opc
Running County => Autauga - SSA => AL001 - Soil => Lakeland loamy sand, 0 to 5 percent slopes (bigbee) - Management => APEX001.opc - Management => APEX002.opc - Management => APEX003.opc
Running County => Autauga - SSA => AL001 - Soil => Lakeland soils, frequently flooded (bigbee) - Management => APEX001.opc
Running County => Autauga - SSA => AL001 - Soil => Lakeland soils, frequently flooded (bigbee) - Management => APEX001.opc - Management => APEX002.opc
Running County => Autauga - SSA => AL001 - Soil => Lakeland soils, frequently flooded (bigbee) - Management => APEX001.opc - Management => APEX002.opc - Management => APEX003.opc
Running County => Autauga - SSA => AL001 - Soil => Lakeland soils, frequently flooded (bigbee) - Management => APEX001.opc
Running County => Autauga - SSA => AL001 - Soil => Lakeland soils, frequently flooded (bigbee) - Management => APEX001.opc - Management => APEX002.opc
Running County => Autauga - SSA => AL001 - Soil => Lakeland soils, frequently flooded (bigbee) - Management => APEX001.opc - Management => APEX002.opc - Management => APEX003.opc
Running County => Autauga - SSA => AL001 - Soil => Lakeland soils, frequently flooded (bigbee) - Management => APEX001.opc
Running County => Autauga - SSA => AL001 - Soil => Lakeland soils, frequently flooded (bigbee) - Management => APEX001.opc - Management => APEX002.opc
Running County => Autauga - SSA => AL001 - Soil => Lakeland soils, frequently flooded (bigbee) - Management => APEX001.opc - Management => APEX002.opc - Management => APEX003.opc
Running County => Autauga - SSA => AL001 - Soil => Lucedale fine sandy loam, 0 to 2 percent slopes - Management => APEX001.opc
Running County => Autauga - SSA => AL001 - Soil => Lucedale fine sandy loam, 0 to 2 percent slopes - Management => APEX001.opc - Management => APEX002.opc
Running County => Autauga - SSA => AL001 - Soil => Lucedale fine sandy loam, 0 to 2 percent slopes - Management => APEX001.opc - Management => APEX002.opc - Management => APEX003.opc
Running County => Autauga - SSA => AL001 - Soil => Lucedale fine sandy loam, 2 to 5 percent slopes - Management => APEX001.opc
Running County => Autauga - SSA => AL001 - Soil => Lucedale fine sandy loam, 2 to 5 percent slopes - Management => APEX001.opc - Management => APEX002.opc
Running County => Autauga - SSA => AL001 - Soil => Lucedale fine sandy loam, 2 to 5 percent slopes - Management => APEX001.opc - Management => APEX002.opc - Management => APEX003.opc
Running County => Autauga - SSA => AL001 - Soil => Lucedale fine sandy loam, 2 to 5 percent slopes - Management => APEX001.opc
Running County => Autauga - SSA => AL001 - Soil => Lucedale fine sandy loam, 2 to 5 percent slopes - Management => APEX001.opc - Management => APEX002.opc
Running County => Autauga - SSA => AL001 - Soil => Lucedale fine sandy loam, 2 to 5 percent slopes - Management => APEX001.opc - Management => APEX002.opc - Management => APEX003.opc
Running County => Autauga - SSA => AL001 - Soil => Lucedale fine sandy loam, 4 to 10 percent slopes, eroded - Management => APEX001.opc
Running County => Autauga - SSA => AL001 - Soil => Lucedale fine sandy loam, 4 to 10 percent slopes, eroded - Management => APEX001.opc - Management => APEX002.opc
Running County => Autauga - SSA => AL001 - Soil => Lucedale fine sandy loam, 4 to 10 percent slopes, eroded - Management => APEX001.opc - Management => APEX002.opc - Management => APEX003.opc
Running County => Autauga - SSA => AL001 - Soil => Lucedale fine sandy loam, 4 to 10 percent slopes, eroded - Management => APEX001.opc
Running County => Autauga - SSA => AL001 - Soil => Lucedale fine sandy loam, 4 to 10 percent slopes, eroded - Management => APEX001.opc - Management => APEX002.opc
Running County => Autauga - SSA => AL001 - Soil => Lucedale fine sandy loam, 4 to 10 percent slopes, eroded - Management => APEX001.opc - Management => APEX002.opc - Management => APEX003.opc
Running County => Autauga - SSA => AL001 - Soil => Lucy loamy sand, 0 to 5 percent slopes - Management => APEX001.opc
Running County => Autauga - SSA => AL001 - Soil => Lucy loamy sand, 0 to 5 percent slopes - Management => APEX001.opc - Management => APEX002.opc
Running County => Autauga - SSA => AL001 - Soil => Lucy loamy sand, 0 to 5 percent slopes - Management => APEX001.opc - Management => APEX002.opc - Management => APEX003.opc
Running County => Autauga - SSA => AL001 - Soil => Lucy loamy sand, 0 to 5 percent slopes - Management => APEX001.opc
Running County => Autauga - SSA => AL001 - Soil => Lucy loamy sand, 0 to 5 percent slopes - Management => APEX001.opc - Management => APEX002.opc
Running County => Autauga - SSA => AL001 - Soil => Lucy loamy sand, 0 to 5 percent slopes - Management => APEX001.opc - Management => APEX002.opc - Management => APEX003.opc
Running County => Autauga - SSA => AL001 - Soil => Lucy loamy sand, 0 to 5 percent slopes - Management => APEX001.opc
Running County => Autauga - SSA => AL001 - Soil => Lucy loamy sand, 0 to 5 percent slopes - Management => APEX001.opc - Management => APEX002.opc
Running County => Autauga - SSA => AL001 - Soil => Lucy loamy sand, 0 to 5 percent slopes - Management => APEX001.opc - Management => APEX002.opc - Management => APEX003.opc
Running County => Autauga - SSA => AL001 - Soil => Lucy loamy sand, 0 to 5 percent slopes - Management => APEX001.opc
Running County => Autauga - SSA => AL001 - Soil => Lucy loamy sand, 0 to 5 percent slopes - Management => APEX001.opc - Management => APEX002.opc
Running County => Autauga - SSA => AL001 - Soil => Lucy loamy sand, 0 to 5 percent slopes - Management => APEX001.opc - Management => APEX002.opc - Management => APEX003.opc
Running County => Autauga - SSA => AL001 - Soil => Lucy loamy sand, 0 to 5 percent slopes - Management => APEX001.opc
Running County => Autauga - SSA => AL001 - Soil => Lucy loamy sand, 0 to 5 percent slopes - Management => APEX001.opc - Management => APEX002.opc
Running County => Autauga - SSA => AL001 - Soil => Lucy loamy sand, 0 to 5 percent slopes - Management => APEX001.opc - Management => APEX002.opc - Management => APEX003.opc
Running County => Autauga - SSA => AL001 - Soil => McQueen silt loam - Management => APEX001.opc
Running County => Autauga - SSA => AL001 - Soil => McQueen silt loam - Management => APEX001.opc - Management => APEX002.opc
Running County => Autauga - SSA => AL001 - Soil => McQueen silt loam - Management => APEX001.opc - Management => APEX002.opc - Management => APEX003.opc
Running County => Autauga - SSA => AL001 - Soil => McQueen silt loam - Management => APEX001.opc
Running County => Autauga - SSA => AL001 - Soil => McQueen silt loam - Management => APEX001.opc - Management => APEX002.opc
Running County => Autauga - SSA => AL001 - Soil => McQueen silt loam - Management => APEX001.opc - Management => APEX002.opc - Management => APEX003.opc
Running County => Autauga - SSA => AL001 - Soil => McQueen silt loam - Management => APEX001.opc
Running County => Autauga - SSA => AL001 - Soil => McQueen silt loam - Management => APEX001.opc - Management => APEX002.opc
Running County => Autauga - SSA => AL001 - Soil => McQueen silt loam - Management => APEX001.opc - Management => APEX002.opc - Management => APEX003.opc
Running County => Autauga - SSA => AL001 - Soil => Myatt-Bibb association - Management => APEX001.opc
Running County => Autauga - SSA => AL001 - Soil => Myatt-Bibb association - Management => APEX001.opc - Management => APEX002.opc
Running County => Autauga - SSA => AL001 - Soil => Myatt-Bibb association - Management => APEX001.opc - Management => APEX002.opc - Management => APEX003.opc
Running County => Autauga - SSA => AL001 - Soil => Myatt-Bibb association - Management => APEX001.opc
Running County => Autauga - SSA => AL001 - Soil => Myatt-Bibb association - Management => APEX001.opc - Management => APEX002.opc
Running County => Autauga - SSA => AL001 - Soil => Myatt-Bibb association - Management => APEX001.opc - Management => APEX002.opc - Management => APEX003.opc
Running County => Autauga - SSA => AL001 - Soil => Myatt-Bibb association - Management => APEX001.opc
Running County => Autauga - SSA => AL001 - Soil => Myatt-Bibb association - Management => APEX001.opc - Management => APEX002.opc
Running County => Autauga - SSA => AL001 - Soil => Myatt-Bibb association - Management => APEX001.opc - Management => APEX002.opc - Management => APEX003.opc
Running County => Autauga - SSA => AL001 - Soil => Norfolk fine sandy loam, 2 to 5 percent slopes - Management => APEX001.opc
Running County => Autauga - SSA => AL001 - Soil => Norfolk fine sandy loam, 2 to 5 percent slopes - Management => APEX001.opc - Management => APEX002.opc
Running County => Autauga - SSA => AL001 - Soil => Norfolk fine sandy loam, 2 to 5 percent slopes - Management => APEX001.opc - Management => APEX002.opc - Management => APEX003.opc
Running County => Autauga - SSA => AL001 - Soil => Norfolk fine sandy loam, 2 to 5 percent slopes - Management => APEX001.opc
Running County => Autauga - SSA => AL001 - Soil => Norfolk fine sandy loam, 2 to 5 percent slopes - Management => APEX001.opc - Management => APEX002.opc
Running County => Autauga - SSA => AL001 - Soil => Norfolk fine sandy loam, 2 to 5 percent slopes - Management => APEX001.opc - Management => APEX002.opc - Management => APEX003.opc
Running County => Autauga - SSA => AL001 - Soil => Norfolk fine sandy loam, 2 to 5 percent slopes - Management => APEX001.opc
Running County => Autauga - SSA => AL001 - Soil => Norfolk fine sandy loam, 2 to 5 percent slopes - Management => APEX001.opc - Management => APEX002.opc
Running County => Autauga - SSA => AL001 - Soil => Norfolk fine sandy loam, 2 to 5 percent slopes - Management => APEX001.opc - Management => APEX002.opc - Management => APEX003.opc
Running County => Autauga - SSA => AL001 - Soil => Norfolk fine sandy loam, 5 to 8 percent slopes - Management => APEX001.opc
Running County => Autauga - SSA => AL001 - Soil => Norfolk fine sandy loam, 5 to 8 percent slopes - Management => APEX001.opc - Management => APEX002.opc
Running County => Autauga - SSA => AL001 - Soil => Norfolk fine sandy loam, 5 to 8 percent slopes - Management => APEX001.opc - Management => APEX002.opc - Management => APEX003.opc
Running County => Autauga - SSA => AL001 - Soil => Norfolk fine sandy loam, 5 to 8 percent slopes - Management => APEX001.opc
Running County => Autauga - SSA => AL001 - Soil => Norfolk fine sandy loam, 5 to 8 percent slopes - Management => APEX001.opc - Management => APEX002.opc
Running County => Autauga - SSA => AL001 - Soil => Norfolk fine sandy loam, 5 to 8 percent slopes - Management => APEX001.opc - Management => APEX002.opc - Management => APEX003.opc
Running County => Autauga - SSA => AL001 - Soil => Norfolk fine sandy loam, 5 to 8 percent slopes - Management => APEX001.opc
Running County => Autauga - SSA => AL001 - Soil => Norfolk fine sandy loam, 5 to 8 percent slopes - Management => APEX001.opc - Management => APEX002.opc
Running County => Autauga - SSA => AL001 - Soil => Norfolk fine sandy loam, 5 to 8 percent slopes - Management => APEX001.opc - Management => APEX002.opc - Management => APEX003.opc
Running County => Autauga - SSA => AL001 - Soil => Norfolk loamy fine sand, 0 to 2 percent slopes - Management => APEX001.opc
Running County => Autauga - SSA => AL001 - Soil => Norfolk loamy fine sand, 0 to 2 percent slopes - Management => APEX001.opc - Management => APEX002.opc
Running County => Autauga - SSA => AL001 - Soil => Norfolk loamy fine sand, 0 to 2 percent slopes - Management => APEX001.opc - Management => APEX002.opc - Management => APEX003.opc
Running County => Autauga - SSA => AL001 - Soil => Norfolk loamy fine sand, 0 to 2 percent slopes - Management => APEX001.opc
Running County => Autauga - SSA => AL001 - Soil => Norfolk loamy fine sand, 0 to 2 percent slopes - Management => APEX001.opc - Management => APEX002.opc
Running County => Autauga - SSA => AL001 - Soil => Norfolk loamy fine sand, 0 to 2 percent slopes - Management => APEX001.opc - Management => APEX002.opc - Management => APEX003.opc
Running County => Autauga - SSA => AL001 - Soil => Osier-Bibb complex - Management => APEX001.opc
Running County => Autauga - SSA => AL001 - Soil => Osier-Bibb complex - Management => APEX001.opc - Management => APEX002.opc
Running County => Autauga - SSA => AL001 - Soil => Osier-Bibb complex - Management => APEX001.opc - Management => APEX002.opc - Management => APEX003.opc
Running County => Autauga - SSA => AL001 - Soil => Osier-Bibb complex - Management => APEX001.opc
Running County => Autauga - SSA => AL001 - Soil => Osier-Bibb complex - Management => APEX001.opc - Management => APEX002.opc
Running County => Autauga - SSA => AL001 - Soil => Osier-Bibb complex - Management => APEX001.opc - Management => APEX002.opc - Management => APEX003.opc
Running County => Autauga - SSA => AL001 - Soil => Osier-Bibb complex - Management => APEX001.opc
Running County => Autauga - SSA => AL001 - Soil => Osier-Bibb complex - Management => APEX001.opc - Management => APEX002.opc
Running County => Autauga - SSA => AL001 - Soil => Osier-Bibb complex - Management => APEX001.opc - Management => APEX002.opc - Management => APEX003.opc
Running County => Autauga - SSA => AL001 - Soil => Pine Flat sandy loam, 0 to 5 percent slopes - Management => APEX001.opc
Running County => Autauga - SSA => AL001 - Soil => Pine Flat sandy loam, 0 to 5 percent slopes - Management => APEX001.opc - Management => APEX002.opc
Running County => Autauga - SSA => AL001 - Soil => Pine Flat sandy loam, 0 to 5 percent slopes - Management => APEX001.opc - Management => APEX002.opc - Management => APEX003.opc
Running County => Autauga - SSA => AL001 - Soil => Pine Flat sandy loam, 0 to 5 percent slopes - Management => APEX001.opc
Running County => Autauga - SSA => AL001 - Soil => Pine Flat sandy loam, 0 to 5 percent slopes - Management => APEX001.opc - Management => APEX002.opc
Running County => Autauga - SSA => AL001 - Soil => Pine Flat sandy loam, 0 to 5 percent slopes - Management => APEX001.opc - Management => APEX002.opc - Management => APEX003.opc
Running County => Autauga - SSA => AL001 - Soil => Pine Flat sandy loam, 0 to 5 percent slopes - Management => APEX001.opc
Running County => Autauga - SSA => AL001 - Soil => Pine Flat sandy loam, 0 to 5 percent slopes - Management => APEX001.opc - Management => APEX002.opc
Running County => Autauga - SSA => AL001 - Soil => Pine Flat sandy loam, 0 to 5 percent slopes - Management => APEX001.opc - Management => APEX002.opc - Management => APEX003.opc
Running County => Autauga - SSA => AL001 - Soil => Rains fine sandy loam - Management => APEX001.opc
Running County => Autauga - SSA => AL001 - Soil => Rains fine sandy loam - Management => APEX001.opc - Management => APEX002.opc
Running County => Autauga - SSA => AL001 - Soil => Rains fine sandy loam - Management => APEX001.opc - Management => APEX002.opc - Management => APEX003.opc
Running County => Autauga - SSA => AL001 - Soil => Roanoke complex - Management => APEX001.opc
Running County => Autauga - SSA => AL001 - Soil => Roanoke complex - Management => APEX001.opc - Management => APEX002.opc
Running County => Autauga - SSA => AL001 - Soil => Roanoke complex - Management => APEX001.opc - Management => APEX002.opc - Management => APEX003.opc
Running County => Autauga - SSA => AL001 - Soil => Ruston fine sandy loam, 0 to 2 percent slopes - Management => APEX001.opc
Running County => Autauga - SSA => AL001 - Soil => Ruston fine sandy loam, 0 to 2 percent slopes - Management => APEX001.opc - Management => APEX002.opc
Running County => Autauga - SSA => AL001 - Soil => Ruston fine sandy loam, 0 to 2 percent slopes - Management => APEX001.opc - Management => APEX002.opc - Management => APEX003.opc
Running County => Autauga - SSA => AL001 - Soil => Ruston fine sandy loam, 0 to 2 percent slopes - Management => APEX001.opc
Running County => Autauga - SSA => AL001 - Soil => Ruston fine sandy loam, 0 to 2 percent slopes - Management => APEX001.opc - Management => APEX002.opc
Running County => Autauga - SSA => AL001 - Soil => Ruston fine sandy loam, 0 to 2 percent slopes - Management => APEX001.opc - Management => APEX002.opc - Management => APEX003.opc
Running County => Autauga - SSA => AL001 - Soil => Ruston fine sandy loam, 0 to 2 percent slopes - Management => APEX001.opc
Running County => Autauga - SSA => AL001 - Soil => Ruston fine sandy loam, 0 to 2 percent slopes - Management => APEX001.opc - Management => APEX002.opc
Running County => Autauga - SSA => AL001 - Soil => Ruston fine sandy loam, 0 to 2 percent slopes - Management => APEX001.opc - Management => APEX002.opc - Management => APEX003.opc
Running County => Autauga - SSA => AL001 - Soil => Ruston fine sandy loam, 2 to 5 percent slopes - Management => APEX001.opc
Running County => Autauga - SSA => AL001 - Soil => Ruston fine sandy loam, 2 to 5 percent slopes - Management => APEX001.opc - Management => APEX002.opc
Running County => Autauga - SSA => AL001 - Soil => Ruston fine sandy loam, 2 to 5 percent slopes - Management => APEX001.opc - Management => APEX002.opc - Management => APEX003.opc
Running County => Autauga - SSA => AL001 - Soil => Ruston fine sandy loam, 2 to 5 percent slopes - Management => APEX001.opc
Running County => Autauga - SSA => AL001 - Soil => Ruston fine sandy loam, 2 to 5 percent slopes - Management => APEX001.opc - Management => APEX002.opc
Running County => Autauga - SSA => AL001 - Soil => Ruston fine sandy loam, 2 to 5 percent slopes - Management => APEX001.opc - Management => APEX002.opc - Management => APEX003.opc
Running County => Autauga - SSA => AL001 - Soil => Ruston fine sandy loam, 2 to 5 percent slopes - Management => APEX001.opc
Running County => Autauga - SSA => AL001 - Soil => Ruston fine sandy loam, 2 to 5 percent slopes - Management => APEX001.opc - Management => APEX002.opc
Running County => Autauga - SSA => AL001 - Soil => Ruston fine sandy loam, 2 to 5 percent slopes - Management => APEX001.opc - Management => APEX002.opc - Management => APEX003.opc
Running County => Autauga - SSA => AL001 - Soil => Ruston fine sandy loam, 4 to 10 percent slopes, eroded - Management => APEX001.opc
Running County => Autauga - SSA => AL001 - Soil => Ruston fine sandy loam, 4 to 10 percent slopes, eroded - Management => APEX001.opc - Management => APEX002.opc
Running County => Autauga - SSA => AL001 - Soil => Ruston fine sandy loam, 4 to 10 percent slopes, eroded - Management => APEX001.opc - Management => APEX002.opc - Management => APEX003.opc
Running County => Autauga - SSA => AL001 - Soil => Ruston fine sandy loam, 4 to 10 percent slopes, eroded - Management => APEX001.opc
Running County => Autauga - SSA => AL001 - Soil => Ruston fine sandy loam, 4 to 10 percent slopes, eroded - Management => APEX001.opc - Management => APEX002.opc
Running County => Autauga - SSA => AL001 - Soil => Ruston fine sandy loam, 4 to 10 percent slopes, eroded - Management => APEX001.opc - Management => APEX002.opc - Management => APEX003.opc
Running County => Autauga - SSA => AL001 - Soil => Ruston fine sandy loam, 4 to 10 percent slopes, eroded - Management => APEX001.opc
Running County => Autauga - SSA => AL001 - Soil => Ruston fine sandy loam, 4 to 10 percent slopes, eroded - Management => APEX001.opc - Management => APEX002.opc
Running County => Autauga - SSA => AL001 - Soil => Ruston fine sandy loam, 4 to 10 percent slopes, eroded - Management => APEX001.opc - Management => APEX002.opc - Management => APEX003.opc
Running County => Autauga - SSA => AL001 - Soil => Saffell gravelly fine sandy loam, 2 to 8 percent slopes - Management => APEX001.opc
Running County => Autauga - SSA => AL001 - Soil => Saffell gravelly fine sandy loam, 2 to 8 percent slopes - Management => APEX001.opc - Management => APEX002.opc
Running County => Autauga - SSA => AL001 - Soil => Saffell gravelly fine sandy loam, 2 to 8 percent slopes - Management => APEX001.opc - Management => APEX002.opc - Management => APEX003.opc
Running County => Autauga - SSA => AL001 - Soil => Saffell gravelly fine sandy loam, 2 to 8 percent slopes - Management => APEX001.opc
Running County => Autauga - SSA => AL001 - Soil => Saffell gravelly fine sandy loam, 2 to 8 percent slopes - Management => APEX001.opc - Management => APEX002.opc
Running County => Autauga - SSA => AL001 - Soil => Saffell gravelly fine sandy loam, 2 to 8 percent slopes - Management => APEX001.opc - Management => APEX002.opc - Management => APEX003.opc
Running County => Autauga - SSA => AL001 - Soil => Saffell gravelly fine sandy loam, 2 to 8 percent slopes - Management => APEX001.opc
Running County => Autauga - SSA => AL001 - Soil => Saffell gravelly fine sandy loam, 2 to 8 percent slopes - Management => APEX001.opc - Management => APEX002.opc
Running County => Autauga - SSA => AL001 - Soil => Saffell gravelly fine sandy loam, 2 to 8 percent slopes - Management => APEX001.opc - Management => APEX002.opc - Management => APEX003.opc
Running County => Autauga - SSA => AL001 - Soil => Shubuta-Saffell complex, 10 to 30 percent slopes - Management => APEX001.opc
Running County => Autauga - SSA => AL001 - Soil => Shubuta-Saffell complex, 10 to 30 percent slopes - Management => APEX001.opc - Management => APEX002.opc
Running County => Autauga - SSA => AL001 - Soil => Shubuta-Saffell complex, 10 to 30 percent slopes - Management => APEX001.opc - Management => APEX002.opc - Management => APEX003.opc
Running County => Autauga - SSA => AL001 - Soil => Shubuta-Saffell complex, 10 to 30 percent slopes - Management => APEX001.opc
Running County => Autauga - SSA => AL001 - Soil => Shubuta-Saffell complex, 10 to 30 percent slopes - Management => APEX001.opc - Management => APEX002.opc
Running County => Autauga - SSA => AL001 - Soil => Shubuta-Saffell complex, 10 to 30 percent slopes - Management => APEX001.opc - Management => APEX002.opc - Management => APEX003.opc
Running County => Autauga - SSA => AL001 - Soil => Shubuta-Saffell complex, 10 to 30 percent slopes - Management => APEX001.opc
Running County => Autauga - SSA => AL001 - Soil => Shubuta-Saffell complex, 10 to 30 percent slopes - Management => APEX001.opc - Management => APEX002.opc
Running County => Autauga - SSA => AL001 - Soil => Shubuta-Saffell complex, 10 to 30 percent slopes - Management => APEX001.opc - Management => APEX002.opc - Management => APEX003.opc
Running County => Autauga - SSA => AL001 - Soil => Shubuta-Saffell complex, 10 to 30 percent slopes - Management => APEX001.opc
Running County => Autauga - SSA => AL001 - Soil => Shubuta-Saffell complex, 10 to 30 percent slopes - Management => APEX001.opc - Management => APEX002.opc
Running County => Autauga - SSA => AL001 - Soil => Shubuta-Saffell complex, 10 to 30 percent slopes - Management => APEX001.opc - Management => APEX002.opc - Management => APEX003.opc
Running County => Autauga - SSA => AL001 - Soil => Shubuta-Troup association, hilly - Management => APEX001.opc
Running County => Autauga - SSA => AL001 - Soil => Shubuta-Troup association, hilly - Management => APEX001.opc - Management => APEX002.opc
Running County => Autauga - SSA => AL001 - Soil => Shubuta-Troup association, hilly - Management => APEX001.opc - Management => APEX002.opc - Management => APEX003.opc
Running County => Autauga - SSA => AL001 - Soil => Shubuta-Troup association, hilly - Management => APEX001.opc
Running County => Autauga - SSA => AL001 - Soil => Shubuta-Troup association, hilly - Management => APEX001.opc - Management => APEX002.opc
Running County => Autauga - SSA => AL001 - Soil => Shubuta-Troup association, hilly - Management => APEX001.opc - Management => APEX002.opc - Management => APEX003.opc
Running County => Autauga - SSA => AL001 - Soil => Shubuta-Troup association, hilly - Management => APEX001.opc
Running County => Autauga - SSA => AL001 - Soil => Shubuta-Troup association, hilly - Management => APEX001.opc - Management => APEX002.opc
Running County => Autauga - SSA => AL001 - Soil => Shubuta-Troup association, hilly - Management => APEX001.opc - Management => APEX002.opc - Management => APEX003.opc
Running County => Autauga - SSA => AL001 - Soil => Shubuta-Troup association, hilly - Management => APEX001.opc
Running County => Autauga - SSA => AL001 - Soil => Shubuta-Troup association, hilly - Management => APEX001.opc - Management => APEX002.opc
Running County => Autauga - SSA => AL001 - Soil => Shubuta-Troup association, hilly - Management => APEX001.opc - Management => APEX002.opc - Management => APEX003.opc
Running County => Autauga - SSA => AL001 - Soil => Sumter-Faceville-Vaiden association, hilly - Management => APEX001.opc
Running County => Autauga - SSA => AL001 - Soil => Sumter-Faceville-Vaiden association, hilly - Management => APEX001.opc - Management => APEX002.opc
Running County => Autauga - SSA => AL001 - Soil => Sumter-Faceville-Vaiden association, hilly - Management => APEX001.opc - Management => APEX002.opc - Management => APEX003.opc
Running County => Autauga - SSA => AL001 - Soil => Sumter-Faceville-Vaiden association, hilly - Management => APEX001.opc
Running County => Autauga - SSA => AL001 - Soil => Sumter-Faceville-Vaiden association, hilly - Management => APEX001.opc - Management => APEX002.opc
Running County => Autauga - SSA => AL001 - Soil => Sumter-Faceville-Vaiden association, hilly - Management => APEX001.opc - Management => APEX002.opc - Management => APEX003.opc
Running County => Autauga - SSA => AL001 - Soil => Sumter-Faceville-Vaiden association, hilly - Management => APEX001.opc
Running County => Autauga - SSA => AL001 - Soil => Sumter-Faceville-Vaiden association, hilly - Management => APEX001.opc - Management => APEX002.opc
Running County => Autauga - SSA => AL001 - Soil => Sumter-Faceville-Vaiden association, hilly - Management => APEX001.opc - Management => APEX002.opc - Management => APEX003.opc
Running County => Autauga - SSA => AL001 - Soil => Sumter-Faceville-Vaiden association, hilly - Management => APEX001.opc
Running County => Autauga - SSA => AL001 - Soil => Sumter-Faceville-Vaiden association, hilly - Management => APEX001.opc - Management => APEX002.opc
Running County => Autauga - SSA => AL001 - Soil => Sumter-Faceville-Vaiden association, hilly - Management => APEX001.opc - Management => APEX002.opc - Management => APEX003.opc
Running County => Autauga - SSA => AL001 - Soil => Troup association, hilly - Management => APEX001.opc
Running County => Autauga - SSA => AL001 - Soil => Troup association, hilly - Management => APEX001.opc - Management => APEX002.opc
Running County => Autauga - SSA => AL001 - Soil => Troup association, hilly - Management => APEX001.opc - Management => APEX002.opc - Management => APEX003.opc
Running County => Autauga - SSA => AL001 - Soil => Troup association, hilly - Management => APEX001.opc
Running County => Autauga - SSA => AL001 - Soil => Troup association, hilly - Management => APEX001.opc - Management => APEX002.opc
Running County => Autauga - SSA => AL001 - Soil => Troup association, hilly - Management => APEX001.opc - Management => APEX002.opc - Management => APEX003.opc
Running County => Autauga - SSA => AL001 - Soil => Troup association, hilly - Management => APEX001.opc
Running County => Autauga - SSA => AL001 - Soil => Troup association, hilly - Management => APEX001.opc - Management => APEX002.opc
Running County => Autauga - SSA => AL001 - Soil => Troup association, hilly - Management => APEX001.opc - Management => APEX002.opc - Management => APEX003.opc
Running County => Autauga - SSA => AL001 - Soil => Troup loamy sand, 2 to 8 percent slopes - Management => APEX001.opc
Running County => Autauga - SSA => AL001 - Soil => Troup loamy sand, 2 to 8 percent slopes - Management => APEX001.opc - Management => APEX002.opc
Running County => Autauga - SSA => AL001 - Soil => Troup loamy sand, 2 to 8 percent slopes - Management => APEX001.opc - Management => APEX002.opc - Management => APEX003.opc
Running County => Autauga - SSA => AL001 - Soil => Troup loamy sand, 2 to 8 percent slopes - Management => APEX001.opc
Running County => Autauga - SSA => AL001 - Soil => Troup loamy sand, 2 to 8 percent slopes - Management => APEX001.opc - Management => APEX002.opc
Running County => Autauga - SSA => AL001 - Soil => Troup loamy sand, 2 to 8 percent slopes - Management => APEX001.opc - Management => APEX002.opc - Management => APEX003.opc
Running County => Autauga - SSA => AL001 - Soil => Vaiden silty clay - Management => APEX001.opc
Running County => Autauga - SSA => AL001 - Soil => Vaiden silty clay - Management => APEX001.opc - Management => APEX002.opc
Running County => Autauga - SSA => AL001 - Soil => Vaiden silty clay - Management => APEX001.opc - Management => APEX002.opc - Management => APEX003.opc
Running County => Autauga - SSA => AL001 - Soil => Vaiden silty clay - Management => APEX001.opc
Running County => Autauga - SSA => AL001 - Soil => Vaiden silty clay - Management => APEX001.opc - Management => APEX002.opc
Running County => Autauga - SSA => AL001 - Soil => Vaiden silty clay - Management => APEX001.opc - Management => APEX002.opc - Management => APEX003.opc
Running County => Autauga - SSA => AL001 - Soil => Wickham fine sandy loam, 0 to 2 percent slopes - Management => APEX001.opc
Running County => Autauga - SSA => AL001 - Soil => Wickham fine sandy loam, 0 to 2 percent slopes - Management => APEX001.opc - Management => APEX002.opc
Running County => Autauga - SSA => AL001 - Soil => Wickham fine sandy loam, 0 to 2 percent slopes - Management => APEX001.opc - Management => APEX002.opc - Management => APEX003.opc
Running County => Autauga - SSA => AL001 - Soil => Wickham fine sandy loam, 0 to 2 percent slopes - Management => APEX001.opc
Running County => Autauga - SSA => AL001 - Soil => Wickham fine sandy loam, 0 to 2 percent slopes - Management => APEX001.opc - Management => APEX002.opc
Running County => Autauga - SSA => AL001 - Soil => Wickham fine sandy loam, 0 to 2 percent slopes - Management => APEX001.opc - Management => APEX002.opc - Management => APEX003.opc
Running County => Autauga - SSA => AL001 - Soil => Wickham fine sandy loam, 2 to 5 percent slopes - Management => APEX001.opc
Running County => Autauga - SSA => AL001 - Soil => Wickham fine sandy loam, 2 to 5 percent slopes - Management => APEX001.opc - Management => APEX002.opc
Running County => Autauga - SSA => AL001 - Soil => Wickham fine sandy loam, 2 to 5 percent slopes - Management => APEX001.opc - Management => APEX002.opc - Management => APEX003.opc
Running County => Autauga - SSA => AL001 - Soil => Wickham fine sandy loam, 2 to 5 percent slopes - Management => APEX001.opc
Running County => Autauga - SSA => AL001 - Soil => Wickham fine sandy loam, 2 to 5 percent slopes - Management => APEX001.opc - Management => APEX002.opc
Running County => Autauga - SSA => AL001 - Soil => Wickham fine sandy loam, 2 to 5 percent slopes - Management => APEX001.opc - Management => APEX002.opc - Management => APEX003.opc
Running County => Autauga - SSA => AL001 - Soil => Wickham loamy sand, 0 to 5 percent slopes - Management => APEX001.opc
Running County => Autauga - SSA => AL001 - Soil => Wickham loamy sand, 0 to 5 percent slopes - Management => APEX001.opc - Management => APEX002.opc
Running County => Autauga - SSA => AL001 - Soil => Wickham loamy sand, 0 to 5 percent slopes - Management => APEX001.opc - Management => APEX002.opc - Management => APEX003.opc
Running County => Autauga - SSA => AL001 - Soil => Wickham loamy sand, 0 to 5 percent slopes - Management => APEX001.opc
Running County => Autauga - SSA => AL001 - Soil => Wickham loamy sand, 0 to 5 percent slopes - Management => APEX001.opc - Management => APEX002.opc
Running County => Autauga - SSA => AL001 - Soil => Wickham loamy sand, 0 to 5 percent slopes - Management => APEX001.opc - Management => APEX002.opc - Management => APEX003.opc
Running County => Autauga - SSA => AL001 - Soil => Wickham soils, 5 to 17 percent slopes - Management => APEX001.opc
Running County => Autauga - SSA => AL001 - Soil => Wickham soils, 5 to 17 percent slopes - Management => APEX001.opc - Management => APEX002.opc
Running County => Autauga - SSA => AL001 - Soil => Wickham soils, 5 to 17 percent slopes - Management => APEX001.opc - Management => APEX002.opc - Management => APEX003.opc
Running County => Autauga - SSA => AL001 - Soil => Wickham soils, 5 to 17 percent slopes - Management => APEX001.opc
Running County => Autauga - SSA => AL001 - Soil => Wickham soils, 5 to 17 percent slopes - Management => APEX001.opc - Management => APEX002.opc
Running County => Autauga - SSA => AL001 - Soil => Wickham soils, 5 to 17 percent slopes - Management => APEX001.opc - Management => APEX002.opc - Management => APEX003.opc
